<?xml version="1.0" encoding="UTF-8"?>
<testng-results total="1" passed="0" failed="1" skipped="0">
  <reporter-output>
  </reporter-output>
  <suite started-at="2021-01-04T19:19:09Z" name="Default suite" finished-at="2021-01-04T19:19:13Z" duration-ms="4062">
    <groups>
    </groups>
    <test started-at="2021-01-04T19:19:09Z" name="Default test" finished-at="2021-01-04T19:19:13Z" duration-ms="4062">
      <class name="com.testng.selenium.BusquedaGoogle">
        <test-method is-config="true" signature="setup()[pri:0, instance:com.testng.selenium.BusquedaGoogle@59505b48]" started-at="2021-01-04T16:19:09Z" name="setup" finished-at="2021-01-04T16:19:13Z" duration-ms="3533" status="PASS">
          <reporter-output>
          </reporter-output>
        </test-method> <!-- setup -->
        <test-method signature="buscarEnGoogle()[pri:0, instance:com.testng.selenium.BusquedaGoogle@59505b48]" started-at="2021-01-04T16:19:13Z" name="buscarEnGoogle" finished-at="2021-01-04T16:19:13Z" duration-ms="55" status="FAIL">
          <exception class="org.junit.ComparisonFailure">
            <message>
              <![CDATA[expected:<[selenium - Buscar con ]Google> but was:<[]Google>]]>
            </message>
            <full-stacktrace>
              <![CDATA[org.junit.ComparisonFailure: expected:<[selenium - Buscar con ]Google> but was:<[]Google>
	at org.junit.Assert.assertEquals(Assert.java:125)
	at org.junit.Assert.assertEquals(Assert.java:147)
	at com.testng.selenium.BusquedaGoogle.buscarEnGoogle(BusquedaGoogle.java:34)
	at java.base/jdk.internal.reflect.NativeMethodAccessorImpl.invoke0(Native Method)
	at java.base/jdk.internal.reflect.NativeMethodAccessorImpl.invoke(NativeMethodAccessorImpl.java:64)
	at java.base/jdk.internal.reflect.DelegatingMethodAccessorImpl.invoke(DelegatingMethodAccessorImpl.java:43)
	at java.base/java.lang.reflect.Method.invoke(Method.java:564)
	at org.testng.internal.MethodInvocationHelper.invokeMethod(MethodInvocationHelper.java:80)
	at org.testng.internal.Invoker.invokeMethod(Invoker.java:714)
	at org.testng.internal.Invoker.invokeTestMethod(Invoker.java:901)
	at org.testng.internal.Invoker.invokeTestMethods(Invoker.java:1231)
	at org.testng.internal.TestMethodWorker.invokeTestMethods(TestMethodWorker.java:127)
	at org.testng.internal.TestMethodWorker.run(TestMethodWorker.java:111)
	at org.testng.TestRunner.privateRun(TestRunner.java:767)
	at org.testng.TestRunner.run(TestRunner.java:617)
	at org.testng.SuiteRunner.runTest(SuiteRunner.java:334)
	at org.testng.SuiteRunner.runSequentially(SuiteRunner.java:329)
	at org.testng.SuiteRunner.privateRun(SuiteRunner.java:291)
	at org.testng.SuiteRunner.run(SuiteRunner.java:240)
	at org.testng.SuiteRunnerWorker.runSuite(SuiteRunnerWorker.java:52)
	at org.testng.SuiteRunnerWorker.run(SuiteRunnerWorker.java:86)
	at org.testng.TestNG.runSuitesSequentially(TestNG.java:1198)
	at org.testng.TestNG.runSuitesLocally(TestNG.java:1123)
	at org.testng.TestNG.run(TestNG.java:1031)
	at org.testng.remote.AbstractRemoteTestNG.run(AbstractRemoteTestNG.java:115)
	at org.testng.remote.RemoteTestNG.initAndRun(RemoteTestNG.java:251)
	at org.testng.remote.RemoteTestNG.main(RemoteTestNG.java:77)
]]>
            </full-stacktrace>
          </exception> <!-- org.junit.ComparisonFailure -->
          <reporter-output>
          </reporter-output>
        </test-method> <!-- buscarEnGoogle -->
        <test-method is-config="true" signature="tearDown()[pri:0, instance:com.testng.selenium.BusquedaGoogle@59505b48]" started-at="2021-01-04T16:19:13Z" name="tearDown" finished-at="2021-01-04T16:19:13Z" duration-ms="468" status="PASS">
          <reporter-output>
          </reporter-output>
        </test-method> <!-- tearDown -->
      </class> <!-- com.testng.selenium.BusquedaGoogle -->
    </test> <!-- Default test -->
  </suite> <!-- Default suite -->
</testng-results>
